<?xml version="1.0" encoding="UTF-8"?>
<testsuite xmlns:xsi="http://www.w3.org/2001/XMLSchema-instance" xsi:noNamespaceSchemaLocation="https://maven.apache.org/surefire/maven-surefire-plugin/xsd/surefire-test-report.xsd" name="humaneval.TEST_LONGEST" time="0.014" tests="3" errors="0" skipped="0" failures="0">
  <properties>
    <property name="sun.desktop" value="windows"/>
    <property name="awt.toolkit" value="sun.awt.windows.WToolkit"/>
    <property name="file.encoding.pkg" value="sun.io"/>
    <property name="java.specification.version" value="1.8"/>
    <property name="sun.cpu.isalist" value="amd64"/>
    <property name="sun.jnu.encoding" value="GBK"/>
    <property name="java.class.path" value="C:\Users\yeren\Desktop\human\target\test-classes;C:\Users\yeren\Desktop\human\target\classes;C:\productive\apache-maven-3.6.1\mvn-repo\junit\junit\4.13.2\junit-4.13.2.jar;C:\productive\apache-maven-3.6.1\mvn-repo\org\hamcrest\hamcrest-core\1.3\hamcrest-core-1.3.jar;C:\productive\apache-maven-3.6.1\mvn-repo\org\openclover\clover\4.4.1\clover-4.4.1.jar;C:\Users\yeren\AppData\Local\Temp\grover2359429729452869365.jar;"/>
    <property name="java.vm.vendor" value="Oracle Corporation"/>
    <property name="sun.arch.data.model" value="64"/>
    <property name="user.variant" value=""/>
    <property name="java.vendor.url" value="http://java.oracle.com/"/>
    <property name="user.timezone" value="GMT+08:00"/>
    <property name="java.vm.specification.version" value="1.8"/>
    <property name="os.name" value="Windows 10"/>
    <property name="user.country" value="CN"/>
    <property name="sun.java.launcher" value="SUN_STANDARD"/>
    <property name="sun.boot.library.path" value="C:\Program Files\Java\jdk1.8.0_201\jre\bin"/>
    <property name="sun.java.command" value="C:\Users\yeren\AppData\Local\Temp\surefire6225694610861258574\surefirebooter5003175521803654158.jar C:\Users\yeren\AppData\Local\Temp\surefire6225694610861258574 2023-11-16T17-27-28_689-jvmRun1 surefire1986777085819061256tmp surefire_04218059171403973718tmp"/>
    <property name="surefire.test.class.path" value="C:\Users\yeren\Desktop\human\target\test-classes;C:\Users\yeren\Desktop\human\target\classes;C:\productive\apache-maven-3.6.1\mvn-repo\junit\junit\4.13.2\junit-4.13.2.jar;C:\productive\apache-maven-3.6.1\mvn-repo\org\hamcrest\hamcrest-core\1.3\hamcrest-core-1.3.jar;C:\productive\apache-maven-3.6.1\mvn-repo\org\openclover\clover\4.4.1\clover-4.4.1.jar;C:\Users\yeren\AppData\Local\Temp\grover2359429729452869365.jar;"/>
    <property name="sun.cpu.endian" value="little"/>
    <property name="user.home" value="C:\Users\yeren"/>
    <property name="user.language" value="zh"/>
    <property name="java.specification.vendor" value="Oracle Corporation"/>
    <property name="java.home" value="C:\Program Files\Java\jdk1.8.0_201\jre"/>
    <property name="basedir" value="C:\Users\yeren\Desktop\human"/>
    <property name="file.separator" value="\"/>
    <property name="line.separator" value="&#10;"/>
    <property name="java.vm.specification.vendor" value="Oracle Corporation"/>
    <property name="java.specification.name" value="Java Platform API Specification"/>
    <property name="java.awt.graphicsenv" value="sun.awt.Win32GraphicsEnvironment"/>
    <property name="surefire.real.class.path" value="C:\Users\yeren\AppData\Local\Temp\surefire6225694610861258574\surefirebooter5003175521803654158.jar"/>
    <property name="sun.boot.class.path" value="C:\Program Files\Java\jdk1.8.0_201\jre\lib\resources.jar;C:\Program Files\Java\jdk1.8.0_201\jre\lib\rt.jar;C:\Program Files\Java\jdk1.8.0_201\jre\lib\sunrsasign.jar;C:\Program Files\Java\jdk1.8.0_201\jre\lib\jsse.jar;C:\Program Files\Java\jdk1.8.0_201\jre\lib\jce.jar;C:\Program Files\Java\jdk1.8.0_201\jre\lib\charsets.jar;C:\Program Files\Java\jdk1.8.0_201\jre\lib\jfr.jar;C:\Program Files\Java\jdk1.8.0_201\jre\classes"/>
    <property name="user.script" value=""/>
    <property name="sun.management.compiler" value="HotSpot 64-Bit Tiered Compilers"/>
    <property name="java.runtime.version" value="1.8.0_201-b09"/>
    <property name="user.name" value="yeren"/>
    <property name="path.separator" value=";"/>
    <property name="os.version" value="10.0"/>
    <property name="java.endorsed.dirs" value="C:\Program Files\Java\jdk1.8.0_201\jre\lib\endorsed"/>
    <property name="java.runtime.name" value="Java(TM) SE Runtime Environment"/>
    <property name="file.encoding" value="GBK"/>
    <property name="java.vm.name" value="Java HotSpot(TM) 64-Bit Server VM"/>
    <property name="localRepository" value="C:\productive\apache-maven-3.6.1\mvn-repo"/>
    <property name="java.vendor.url.bug" value="http://bugreport.sun.com/bugreport/"/>
    <property name="java.io.tmpdir" value="C:\Users\yeren\AppData\Local\Temp\"/>
    <property name="java.version" value="1.8.0_201"/>
    <property name="user.dir" value="C:\Users\yeren\Desktop\human"/>
    <property name="os.arch" value="amd64"/>
    <property name="java.vm.specification.name" value="Java Virtual Machine Specification"/>
    <property name="java.awt.printerjob" value="sun.awt.windows.WPrinterJob"/>
    <property name="sun.os.patch.level" value=""/>
    <property name="java.library.path" value="C:\Program Files\Java\jdk1.8.0_201\jre\bin;C:\windows\Sun\Java\bin;C:\windows\system32;C:\windows;C:\Program Files\Common Files\Oracle\Java\javapath;C:\Program Files (x86)\Common Files\Oracle\Java\javapath;C:\Program Files\NVIDIA GPU Computing Toolkit\CUDA\v11.3\bin;C:\Program Files\NVIDIA GPU Computing Toolkit\CUDA\v11.3\libnvvp;C:\windows\system32;C:\windows;C:\windows\System32\Wbem;C:\windows\System32\WindowsPowerShell\v1.0\;C:\windows\System32\OpenSSH\;C:\Program Files (x86)\NVIDIA Corporation\PhysX\Common;C:\Program Files\NVIDIA Corporation\NVIDIA NvDLISR;C:\Users\Administrator\AppData\Local\Microsoft\WindowsApps;C:\Program Files\HP\OMEN-Broadcast\Common;C:\productive\Git\cmd;C:\Program Files\NVIDIA Corporation\Nsight Compute 2021.1.1\;&quot;C:\Program Files\NVIDIA GPU Computing Toolkit\CUDA\v11.3\lib\x64;C:\Program Files\NVIDIA GPU Computing Toolkit\CUDA\v11.3\bin;%CUDA_SDK_PATH%\common\lib\x64;%CUDA_SDK_PATH%\bin\win64;&quot;;C:\Program Files\NVIDIA GPU Computing Toolkit\CUDA\v11.3\bin;C:\Program Files\NVIDIA GPU Computing Toolkit\CUDA\v11.3\libnvvp;C:\ProgramData\NVIDIA Corporation\CUDA Samples\v11.3\common\lib\x64;C:\ProgramData\NVIDIA Corporation\CUDA Samples\v11.3\bin\win64;C:\Program Files\NVIDIA Corporation\NVSMI;C:\windows\system32\config\systemprofile\.dnx\bin;C:\Program Files\Microsoft DNX\Dnvm\;C:\Program Files\Microsoft SQL Server\120\Tools\Binn\;C:\Program Files\Microsoft SQL Server\130\Tools\Binn\;C:\Program Files\Java\jdk1.8.0_201\bin;C:\productive\nodejs\;C:\productive\apache-maven-3.6.1\bin;C:\productive\mysql-8.0.31-winx64\bin;C:\productive\miniconda3\condabin;C:\msys64\ucrt64\bin;C:\Users\yeren\Desktop\mooctest;;C:\Program Files\Docker\Docker\resources\bin;C:\productive\Python\Python310\Scripts\;C:\productive\Python\Python310\;C:\Users\yeren\AppData\Local\Microsoft\WindowsApps;;C:\produciyive\JetBrains\PyCharm Community Edition 2023.1\bin;;C:\productive\Microsoft VS Code\bin;C:\productive\JetBrains\IntelliJ IDEA Community Edition 2023.1.2\bin;;C:\Users\yeren\AppData\Roaming\npm;."/>
    <property name="java.vm.info" value="mixed mode"/>
    <property name="java.vendor" value="Oracle Corporation"/>
    <property name="java.vm.version" value="25.201-b09"/>
    <property name="java.ext.dirs" value="C:\Program Files\Java\jdk1.8.0_201\jre\lib\ext;C:\windows\Sun\Java\lib\ext"/>
    <property name="sun.io.unicode.encoding" value="UnicodeLittle"/>
    <property name="java.class.version" value="52.0"/>
  </properties>
  <testcase name="test_0" classname="humaneval.TEST_LONGEST" time="0"/>
  <testcase name="test_1" classname="humaneval.TEST_LONGEST" time="0"/>
  <testcase name="test_2" classname="humaneval.TEST_LONGEST" time="0"/>
</testsuite>